https://github.com/kneron/kneron-mmdetection/blob/main/docs_kneron/yolox_step_by_step.md

Step 7 (For Kneron AI Competition 2022): Run NEF model on KL720 USB accelerator

python KL720DemoGenericInferenceYoloX_BypassHwPreProc.py -img ./000000000536.jpg -nef ./example_yolox_720.nef

"""
(kneron) C:\Users\ytlWin\Downloads\kneron\kneron-mmdetection\yolox_plus_demo>python KL720DemoGenericInferenceYoloX_BypassHwPreProc.py -img ./000000000536.jpg -nef ./example_yolox_720.nef
[Connect Device]
 - Success
[Set Device Timeout]
 - Success
[Upload Model]
 - Success
======== NEF Info =========

Toolchain ver= kneron/toolchain:v0.16.0

Schema ver   = v0.9.1

============================
[Read Image]
 - Success
[Starting Inference Work]
 - Starting inference loop 1 times
 - .
[Retrieve Inference Node Output ]
 - Success
[Output Result Image]
 - Output bounding boxes on 'output_000000000536.jpg'
(291.7100891113281,135.5036407470703,444.81996459960936,331.6263565063477)
(86.29214324951171,75.08173713684083,178.1478744506836,331.3882736206055)
(168.07337951660156,81.79956779479981,274.36656799316404,331.9453491210938)

(kneron) C:\Users\ytlWin\Downloads\kneron\kneron-mmdetection\yolox_plus_demo>
"""