https://github.com/kneron/kneron-mmclassification/blob/main/docs_kneron/regnet_step_by_step.md

Step 6 (For Kneron AI Competition 2022): Run NEF model on KL720 USB accelerator

python KL720DemoGenericInferenceRegNetX_BypassHwPreProc.py -nef ./example_RegNetX_720.nef -img shark.jpg

"""
(kneron) C:\Users\ytlWin\Downloads\kneron\kneron-mmclassification\regnetx_plus_demo>python KL720DemoGenericInferenceRegNetX_BypassHwPreProc.py -nef ./example_RegNetX_720.nef -img shark.jpg
[Connect Device]
 - Success
[Set Device Timeout]
 - Success
[Upload Model]
 - Success
======== NEF Info =========

Toolchain ver= kneron/toolchain:v0.17.2

Schema ver   = v0.9.1

============================
[Read Image]
 - Success
[Starting Inference Work]
 - Starting inference loop 1 times
 - .
[Retrieve Inference Node Output ]
 - Success
[Result]
 - Top-1 class id : 2  (imagenet 1000 classes idx)

(kneron) C:\Users\ytlWin\Downloads\kneron\kneron-mmclassification\regnetx_plus_demo>
"""