https://github.com/kneron/kneron-mmsegmentation/blob/main/docs_kneron/stdc_step_by_step.md

Step 7 (For Kneron AI Competition 2022): Run NEF model on KL720 USB accelerator

python KL720DemoGenericInferenceSTDC_BypassHwPreProc.py -nef ./example_stdc_720.nef -img 000000000641.jpg

"""
(kneron) C:\Users\ytlWin\Downloads\kneron\kneron-mmsegmentation\stdc_plus_demo>python KL720DemoGenericInferenceSTDC_BypassHwPreProc.py -nef ./example_stdc_720.nef -img 000000000641.jpg
[Connect Device]
 - Success
[Set Device Timeout]
 - Success
[Upload Model]
 - Success
======== NEF Info =========

Toolchain ver= kneron/toolchain:v0.16.0

Schema ver   = v0.9.1

============================
[Read Image]
 - Success
[Starting Inference Work]
 - Starting inference loop 1 times
 - .
[Retrieve Inference Node Output ]
 - Success
[Output Result Image]
 - Output Segmentation result on 'output_000000000641.jpg'

(kneron) C:\Users\ytlWin\Downloads\kneron\kneron-mmsegmentation\stdc_plus_demo>
"""