https://github.com/kneron/kneron-mmpose/blob/main/docs_kneron/rsn18_hand_pose_step_by_step.md

Step 6 (For Kneron AI Competition 2022): Run NEF model on KL720 USB accelerator

python KL720DemoGenericInferenceRSN18Hand_BypassHwPreProc.py -nef example_RSN18Hand_720.nef -img rsn_hand_test.png

"""
(kneron) C:\Users\ytlWin\Downloads\kneron\kneron-mmpose\rsn18hand_plus_demo>python KL720DemoGenericInferenceRSN18Hand_BypassHwPreProc.py -nef example_RSN18Hand_720.nef -img rsn_hand_test.png
[Connect Device]
 - Success
[Set Device Timeout]
 - Success
[Upload Model]
 - Success
======== NEF Info =========

Toolchain ver= kneron/toolchain:v0.17.2

Schema ver   = v0.9.1

============================
[Read Image]
 - Success
[Starting Inference Work]
 - Starting inference loop 1 times
 - .
[Retrieve Inference Node Output ]
 - Success
[Output Result Image]
 - Output hand-pose result on 'output_rsn_hand_test.png'

(kneron) C:\Users\ytlWin\Downloads\kneron\kneron-mmpose\rsn18hand_plus_demo>
"""